Match 1: RandomSensing (White) vs RandomBot (Black)
Game Duration: 2 minutes 22 seconds
Game Status: Completed
Winner: White
Stdout:
handle_opponent_move_result(start):  1
handle_opponent_move_result(end):  20
handle_sense_result(start):  20
handle_sense_result(end):  13
choose_move(start): 13
handle_move_result(start):  13
handle_move_result(end):  0
handle_opponent_move_result(start):  0
handle_opponent_move_result(end):  0
handle_sense_result(start):  0
handle_sense_result(end):  0
choose_move(start): 0
handle_move_result(start):  1
handle_move_result(end):  0
handle_opponent_move_result(start):  0
handle_opponent_move_result(end):  0
handle_sense_result(start):  0
handle_sense_result(end):  0
choose_move(start): 0
handle_move_result(start):  1
handle_move_result(end):  1
handle_opponent_move_result(start):  1
handle_opponent_move_result(end):  21
handle_sense_result(start):  21
handle_sense_result(end):  18
choose_move(start): 18
handle_move_result(start):  18
handle_move_result(end):  18
handle_opponent_move_result(start):  18
handle_opponent_move_result(end):  317
handle_sense_result(start):  317
handle_sense_result(end):  156
choose_move(start): 156
handle_move_result(start):  156
handle_move_result(end):  127
handle_opponent_move_result(start):  127
handle_opponent_move_result(end):  2598
handle_sense_result(start):  2598
handle_sense_result(end):  0
choose_move(start): 0
handle_move_result(start):  1
handle_move_result(end):  0
handle_opponent_move_result(start):  0
handle_opponent_move_result(end):  0
handle_sense_result(start):  0
handle_sense_result(end):  0
choose_move(start): 0
handle_move_result(start):  1
handle_move_result(end):  1
handle_opponent_move_result(start):  1
handle_opponent_move_result(end):  21
handle_sense_result(start):  21
handle_sense_result(end):  20
choose_move(start): 20
handle_move_result(start):  20
handle_move_result(end):  19
handle_opponent_move_result(start):  19
handle_opponent_move_result(end):  336
handle_sense_result(start):  336
handle_sense_result(end):  0
choose_move(start): 0
handle_move_result(start):  1
handle_move_result(end):  1
handle_opponent_move_result(start):  1
handle_opponent_move_result(end):  18
handle_sense_result(start):  18
handle_sense_result(end):  18
choose_move(start): 18
handle_move_result(start):  18
handle_move_result(end):  17
handle_opponent_move_result(start):  17
handle_opponent_move_result(end):  289
handle_sense_result(start):  289
handle_sense_result(end):  25
choose_move(start): 25
handle_move_result(start):  25
handle_move_result(end):  20
handle_opponent_move_result(start):  20
handle_opponent_move_result(end):  349
handle_sense_result(start):  349
handle_sense_result(end):  349
choose_move(start): 349
handle_move_result(start):  349
handle_move_result(end):  55
handle_opponent_move_result(start):  55
handle_opponent_move_result(end):  918
handle_sense_result(start):  918
handle_sense_result(end):  67
choose_move(start): 67
handle_move_result(start):  67
handle_move_result(end):  54
handle_opponent_move_result(start):  54
handle_opponent_move_result(end):  1213
handle_sense_result(start):  1213
handle_sense_result(end):  64
choose_move(start): 64
handle_move_result(start):  64
handle_move_result(end):  42
handle_opponent_move_result(start):  42
handle_opponent_move_result(end):  61
handle_sense_result(start):  61
handle_sense_result(end):  61
handle_move_result(start):  61
handle_move_result(end):  0
Total game time: 142.34 seconds
Game Over!
Winner: white!
Saving replay to RandomSensing-RandomBot-white-2024_05_16-18_05_30.json...

Stderr:


Match 2: RandomSensing (White) vs RandomBot (Black)
Game Duration: 3 minutes 45 seconds
Game Status: Completed
Winner: White
Stdout:
handle_opponent_move_result(start):  1
handle_opponent_move_result(end):  20
handle_sense_result(start):  20
handle_sense_result(end):  20
choose_move(start): 20
handle_move_result(start):  20
handle_move_result(end):  0
handle_opponent_move_result(start):  0
handle_opponent_move_result(end):  0
handle_sense_result(start):  0
handle_sense_result(end):  0
choose_move(start): 0
handle_move_result(start):  1
handle_move_result(end):  0
handle_opponent_move_result(start):  0
handle_opponent_move_result(end):  0
handle_sense_result(start):  0
handle_sense_result(end):  0
choose_move(start): 0
handle_move_result(start):  1
handle_move_result(end):  1
handle_opponent_move_result(start):  1
handle_opponent_move_result(end):  22
handle_sense_result(start):  22
handle_sense_result(end):  22
choose_move(start): 22
handle_move_result(start):  22
handle_move_result(end):  1
handle_opponent_move_result(start):  1
handle_opponent_move_result(end):  21
handle_sense_result(start):  21
handle_sense_result(end):  0
choose_move(start): 0
handle_move_result(start):  1
handle_move_result(end):  0
handle_opponent_move_result(start):  0
handle_opponent_move_result(end):  0
handle_sense_result(start):  0
handle_sense_result(end):  0
choose_move(start): 0
handle_move_result(start):  1
handle_move_result(end):  1
handle_opponent_move_result(start):  1
handle_opponent_move_result(end):  29
handle_sense_result(start):  29
handle_sense_result(end):  0
choose_move(start): 0
handle_move_result(start):  1
handle_move_result(end):  0
handle_opponent_move_result(start):  0
handle_opponent_move_result(end):  0
handle_sense_result(start):  0
handle_sense_result(end):  0
choose_move(start): 0
handle_move_result(start):  1
handle_move_result(end):  0
handle_opponent_move_result(start):  0
handle_opponent_move_result(end):  0
handle_sense_result(start):  0
handle_sense_result(end):  0
choose_move(start): 0
handle_move_result(start):  1
handle_move_result(end):  1
handle_opponent_move_result(start):  1
handle_opponent_move_result(end):  30
handle_sense_result(start):  30
handle_sense_result(end):  28
choose_move(start): 28
handle_move_result(start):  28
handle_move_result(end):  26
handle_opponent_move_result(start):  26
handle_opponent_move_result(end):  633
handle_sense_result(start):  633
handle_sense_result(end):  1
choose_move(start): 1
handle_move_result(start):  1
handle_move_result(end):  1
handle_opponent_move_result(start):  1
handle_opponent_move_result(end):  29
handle_sense_result(start):  29
handle_sense_result(end):  24
choose_move(start): 24
handle_move_result(start):  24
handle_move_result(end):  21
handle_opponent_move_result(start):  21
handle_opponent_move_result(end):  509
handle_sense_result(start):  509
handle_sense_result(end):  277
choose_move(start): 277
handle_move_result(start):  277
handle_move_result(end):  260
handle_opponent_move_result(start):  260
handle_opponent_move_result(end):  5086
handle_sense_result(start):  5086
handle_sense_result(end):  4559
choose_move(start): 4559
handle_move_result(start):  4559
handle_move_result(end):  4289
handle_opponent_move_result(start):  4289
handle_opponent_move_result(end):  65675
handle_sense_result(start):  10000
handle_sense_result(end):  8728
choose_move(start): 8728
handle_move_result(start):  8728
handle_move_result(end):  8184
handle_opponent_move_result(start):  8184
handle_opponent_move_result(end):  206110
handle_sense_result(start):  10000
handle_sense_result(end):  67
choose_move(start): 67
handle_move_result(start):  67
handle_move_result(end):  65
handle_opponent_move_result(start):  65
handle_opponent_move_result(end):  2265
handle_sense_result(start):  2265
handle_sense_result(end):  1875
choose_move(start): 1875
handle_move_result(start):  1875
handle_move_result(end):  1790
handle_opponent_move_result(start):  1790
handle_opponent_move_result(end):  5535
handle_sense_result(start):  5535
handle_sense_result(end):  206
handle_move_result(start):  206
handle_move_result(end):  162
Total game time: 224.38 seconds
Game Over!
Winner: white!
Saving replay to RandomSensing-RandomBot-white-2024_05_16-18_09_15.json...

Stderr:


Match 3: RandomSensing (White) vs RandomBot (Black)
Game Duration: 1 minutes 51 seconds
Game Status: Completed
Winner: White
Stdout:
handle_opponent_move_result(start):  1
handle_opponent_move_result(end):  20
handle_sense_result(start):  20
handle_sense_result(end):  17
choose_move(start): 17
handle_move_result(start):  17
handle_move_result(end):  0
handle_opponent_move_result(start):  0
handle_opponent_move_result(end):  0
handle_sense_result(start):  0
handle_sense_result(end):  0
choose_move(start): 0
handle_move_result(start):  1
handle_move_result(end):  0
handle_opponent_move_result(start):  0
handle_opponent_move_result(end):  0
handle_sense_result(start):  0
handle_sense_result(end):  0
choose_move(start): 0
handle_move_result(start):  1
handle_move_result(end):  0
handle_opponent_move_result(start):  0
handle_opponent_move_result(end):  0
handle_sense_result(start):  0
handle_sense_result(end):  0
choose_move(start): 0
handle_move_result(start):  1
handle_move_result(end):  1
handle_opponent_move_result(start):  1
handle_opponent_move_result(end):  19
handle_sense_result(start):  19
handle_sense_result(end):  12
choose_move(start): 12
handle_move_result(start):  12
handle_move_result(end):  10
handle_opponent_move_result(start):  10
handle_opponent_move_result(end):  178
handle_sense_result(start):  178
handle_sense_result(end):  88
choose_move(start): 88
handle_move_result(start):  88
handle_move_result(end):  88
handle_opponent_move_result(start):  88
handle_opponent_move_result(end):  1571
handle_sense_result(start):  1571
handle_sense_result(end):  7
choose_move(start): 7
handle_move_result(start):  7
handle_move_result(end):  7
handle_opponent_move_result(start):  7
handle_opponent_move_result(end):  194
handle_sense_result(start):  194
handle_sense_result(end):  194
choose_move(start): 194
handle_move_result(start):  194
handle_move_result(end):  179
handle_opponent_move_result(start):  179
handle_opponent_move_result(end):  3684
handle_sense_result(start):  3684
handle_sense_result(end):  3445
choose_move(start): 3445
handle_move_result(start):  3445
handle_move_result(end):  2962
handle_opponent_move_result(start):  2962
handle_opponent_move_result(end):  17088
handle_sense_result(start):  10000
handle_sense_result(end):  805
choose_move(start): 805
handle_move_result(start):  805
handle_move_result(end):  495
handle_opponent_move_result(start):  495
handle_opponent_move_result(end):  5268
handle_sense_result(start):  5268
handle_sense_result(end):  0
handle_move_result(start):  0
handle_move_result(end):  0
Total game time: 110.46 seconds
Game Over!
Winner: white!
Saving replay to RandomSensing-RandomBot-white-2024_05_16-18_11_07.json...

Stderr:


Match 4: RandomSensing (White) vs RandomBot (Black)
Game Duration: 5 minutes 4 seconds
Game Status: Completed
Winner: Draw
Stdout:
handle_opponent_move_result(start):  1
handle_opponent_move_result(end):  20
handle_sense_result(start):  20
handle_sense_result(end):  20
choose_move(start): 20
handle_move_result(start):  20
handle_move_result(end):  0
handle_opponent_move_result(start):  0
handle_opponent_move_result(end):  0
handle_sense_result(start):  0
handle_sense_result(end):  0
choose_move(start): 0
handle_move_result(start):  1
handle_move_result(end):  0
handle_opponent_move_result(start):  0
handle_opponent_move_result(end):  0
handle_sense_result(start):  0
handle_sense_result(end):  0
choose_move(start): 0
handle_move_result(start):  1
handle_move_result(end):  0
handle_opponent_move_result(start):  0
handle_opponent_move_result(end):  0
handle_sense_result(start):  0
handle_sense_result(end):  0
choose_move(start): 0
handle_move_result(start):  1
handle_move_result(end):  1
handle_opponent_move_result(start):  1
handle_opponent_move_result(end):  29
handle_sense_result(start):  29
handle_sense_result(end):  22
choose_move(start): 22
handle_move_result(start):  22
handle_move_result(end):  21
handle_opponent_move_result(start):  21
handle_opponent_move_result(end):  426
handle_sense_result(start):  426
handle_sense_result(end):  0
choose_move(start): 0
handle_move_result(start):  1
handle_move_result(end):  0
handle_opponent_move_result(start):  0
handle_opponent_move_result(end):  0
handle_sense_result(start):  0
handle_sense_result(end):  0
choose_move(start): 0
handle_move_result(start):  1
handle_move_result(end):  0
handle_opponent_move_result(start):  0
handle_opponent_move_result(end):  0
handle_sense_result(start):  0
handle_sense_result(end):  0
choose_move(start): 0
handle_move_result(start):  1
handle_move_result(end):  0
handle_opponent_move_result(start):  0
handle_opponent_move_result(end):  0
handle_sense_result(start):  0
handle_sense_result(end):  0
choose_move(start): 0
handle_move_result(start):  1
handle_move_result(end):  0
handle_opponent_move_result(start):  0
handle_opponent_move_result(end):  0
handle_sense_result(start):  0
handle_sense_result(end):  0
choose_move(start): 0
Game Over!
Winner: ERROR!
Saving replay to RandomSensing-RandomBot-ERROR-2024_05_16-18_12_57.json...

Stderr:
Traceback (most recent call last):
  File "C:\Python310\lib\site-packages\chess\engine.py", line 1789, in play
    return await self.communicate(UciPlayCommand)
  File "C:\Python310\lib\site-packages\chess\engine.py", line 1133, in communicate
    return await command.result
asyncio.exceptions.CancelledError

During handling of the above exception, another exception occurred:

Traceback (most recent call last):
  File "C:\Python310\lib\asyncio\tasks.py", line 456, in wait_for
    return fut.result()
asyncio.exceptions.CancelledError

The above exception was the direct cause of the following exception:

Traceback (most recent call last):
  File "C:\Python310\lib\site-packages\reconchess\scripts\rc_bot_match.py", line 22, in main
    winner_color, win_reason, history = play_local_game(white_player_cls(), black_player_cls(), game=game)
  File "C:\Python310\lib\site-packages\reconchess\play.py", line 37, in play_local_game
    play_turn(game, players[game.turn], end_turn_last=True)
  File "C:\Python310\lib\site-packages\reconchess\play.py", line 89, in play_turn
    play_move(game, player, move_actions, end_turn_last=end_turn_last)
  File "C:\Python310\lib\site-packages\reconchess\play.py", line 141, in play_move
    move = player.choose_move(move_actions, game.get_seconds_left())
  File "D:\Wits\Honours\AI\AI-Assignment\Part 4\RandomSensing.py", line 125, in choose_move
    result = self.engine.play(board, chess.engine.Limit(time=time_limit))
  File "C:\Python310\lib\site-packages\chess\engine.py", line 2982, in play
    return future.result()
  File "C:\Python310\lib\concurrent\futures\_base.py", line 446, in result
    return self.__get_result()
  File "C:\Python310\lib\concurrent\futures\_base.py", line 391, in __get_result
    raise self._exception
  File "C:\Python310\lib\asyncio\tasks.py", line 458, in wait_for
    raise exceptions.TimeoutError() from exc
asyncio.exceptions.TimeoutError


Match 5: RandomSensing (White) vs RandomBot (Black)
Game Duration: 4 minutes 18 seconds
Game Status: Completed
Winner: Draw
Stdout:
handle_opponent_move_result(start):  1
handle_opponent_move_result(end):  20
handle_sense_result(start):  20
handle_sense_result(end):  20
choose_move(start): 20
handle_move_result(start):  20
handle_move_result(end):  0
handle_opponent_move_result(start):  0
handle_opponent_move_result(end):  0
handle_sense_result(start):  0
handle_sense_result(end):  0
choose_move(start): 0
handle_move_result(start):  1
handle_move_result(end):  0
handle_opponent_move_result(start):  0
handle_opponent_move_result(end):  0
handle_sense_result(start):  0
handle_sense_result(end):  0
choose_move(start): 0
handle_move_result(start):  1
handle_move_result(end):  0
handle_opponent_move_result(start):  0
handle_opponent_move_result(end):  0
handle_sense_result(start):  0
handle_sense_result(end):  0
choose_move(start): 0
handle_move_result(start):  1
handle_move_result(end):  1
handle_opponent_move_result(start):  1
handle_opponent_move_result(end):  20
handle_sense_result(start):  20
handle_sense_result(end):  20
choose_move(start): 20
handle_move_result(start):  20
handle_move_result(end):  20
handle_opponent_move_result(start):  20
handle_opponent_move_result(end):  346
handle_sense_result(start):  346
handle_sense_result(end):  98
choose_move(start): 98
handle_move_result(start):  98
handle_move_result(end):  98
handle_opponent_move_result(start):  98
handle_opponent_move_result(end):  1583
handle_sense_result(start):  1583
handle_sense_result(end):  822
choose_move(start): 822
handle_move_result(start):  822
handle_move_result(end):  447
handle_opponent_move_result(start):  447
handle_opponent_move_result(end):  7624
handle_sense_result(start):  7624
handle_sense_result(end):  4585
choose_move(start): 4585
handle_move_result(start):  4585
handle_move_result(end):  852
handle_opponent_move_result(start):  852
handle_opponent_move_result(end):  15768
handle_sense_result(start):  10000
handle_sense_result(end):  0
choose_move(start): 0
handle_move_result(start):  1
handle_move_result(end):  1
handle_opponent_move_result(start):  1
handle_opponent_move_result(end):  28
handle_sense_result(start):  28
handle_sense_result(end):  26
choose_move(start): 26
handle_move_result(start):  26
handle_move_result(end):  26
handle_opponent_move_result(start):  26
handle_opponent_move_result(end):  608
handle_sense_result(start):  608
handle_sense_result(end):  333
choose_move(start): 333
handle_move_result(start):  333
handle_move_result(end):  315
handle_opponent_move_result(start):  315
handle_opponent_move_result(end):  5360
handle_sense_result(start):  5360
handle_sense_result(end):  0
choose_move(start): 0
handle_move_result(start):  1
handle_move_result(end):  0
handle_opponent_move_result(start):  0
handle_opponent_move_result(end):  0
handle_sense_result(start):  0
handle_sense_result(end):  0
choose_move(start): 0
handle_move_result(start):  1
handle_move_result(end):  0
handle_opponent_move_result(start):  0
handle_opponent_move_result(end):  0
handle_sense_result(start):  0
handle_sense_result(end):  0
choose_move(start): 0
handle_move_result(start):  1
handle_move_result(end):  0
handle_opponent_move_result(start):  0
handle_opponent_move_result(end):  0
handle_sense_result(start):  0
handle_sense_result(end):  0
choose_move(start): 0
handle_move_result(start):  1
handle_move_result(end):  0
handle_opponent_move_result(start):  0
handle_opponent_move_result(end):  0
handle_sense_result(start):  0
handle_sense_result(end):  0
choose_move(start): 0
handle_move_result(start):  1
handle_move_result(end):  0
handle_opponent_move_result(start):  0
handle_opponent_move_result(end):  0
handle_sense_result(start):  0
handle_sense_result(end):  0
choose_move(start): 0
Stockfish Engine died
handle_move_result(start):  1
handle_move_result(end):  1
handle_opponent_move_result(start):  1
handle_opponent_move_result(end):  23
handle_sense_result(start):  23
handle_sense_result(end):  0
choose_move(start): 0
Stockfish Engine died
handle_move_result(start):  1
handle_move_result(end):  0
handle_opponent_move_result(start):  0
handle_opponent_move_result(end):  0
handle_sense_result(start):  0
handle_sense_result(end):  0
choose_move(start): 0
Stockfish Engine died
handle_move_result(start):  1
handle_move_result(end):  1
handle_opponent_move_result(start):  1
handle_opponent_move_result(end):  33
handle_sense_result(start):  33
handle_sense_result(end):  1
choose_move(start): 1
Stockfish Engine died
handle_move_result(start):  1
handle_move_result(end):  1
handle_opponent_move_result(start):  1
handle_opponent_move_result(end):  35
handle_sense_result(start):  35
handle_sense_result(end):  28
choose_move(start): 28
Stockfish Engine died
Stockfish Engine died
Stockfish Engine died
Stockfish Engine died
Stockfish Engine died
Stockfish Engine died
Stockfish Engine died
Stockfish Engine died
Stockfish Engine died
Stockfish Engine died
Stockfish Engine died
Stockfish Engine died
Stockfish Engine died
Stockfish Engine died
Game Over!
Winner: ERROR!
Saving replay to RandomSensing-RandomBot-ERROR-2024_05_16-18_20_12.json...

Stderr:
Traceback (most recent call last):
  File "C:\Python310\lib\site-packages\chess\engine.py", line 1789, in play
    return await self.communicate(UciPlayCommand)
  File "C:\Python310\lib\site-packages\chess\engine.py", line 1133, in communicate
    return await command.result
asyncio.exceptions.CancelledError

During handling of the above exception, another exception occurred:

Traceback (most recent call last):
  File "C:\Python310\lib\asyncio\tasks.py", line 456, in wait_for
    return fut.result()
asyncio.exceptions.CancelledError

The above exception was the direct cause of the following exception:

Traceback (most recent call last):
  File "C:\Python310\lib\site-packages\reconchess\scripts\rc_bot_match.py", line 22, in main
    winner_color, win_reason, history = play_local_game(white_player_cls(), black_player_cls(), game=game)
  File "C:\Python310\lib\site-packages\reconchess\play.py", line 37, in play_local_game
    play_turn(game, players[game.turn], end_turn_last=True)
  File "C:\Python310\lib\site-packages\reconchess\play.py", line 89, in play_turn
    play_move(game, player, move_actions, end_turn_last=end_turn_last)
  File "C:\Python310\lib\site-packages\reconchess\play.py", line 141, in play_move
    move = player.choose_move(move_actions, game.get_seconds_left())
  File "D:\Wits\Honours\AI\AI-Assignment\Part 4\RandomSensing.py", line 125, in choose_move
    result = self.engine.play(board, chess.engine.Limit(time=time_limit))
  File "C:\Python310\lib\site-packages\chess\engine.py", line 2982, in play
    return future.result()
  File "C:\Python310\lib\concurrent\futures\_base.py", line 446, in result
    return self.__get_result()
  File "C:\Python310\lib\concurrent\futures\_base.py", line 391, in __get_result
    raise self._exception
  File "C:\Python310\lib\asyncio\tasks.py", line 458, in wait_for
    raise exceptions.TimeoutError() from exc
asyncio.exceptions.TimeoutError


Match 6: RandomSensing (White) vs RandomBot (Black)
Game Duration: 2 minutes 41 seconds
Game Status: Completed
Winner: White
Stdout:
handle_opponent_move_result(start):  1
handle_opponent_move_result(end):  20
handle_sense_result(start):  20
handle_sense_result(end):  20
choose_move(start): 20
handle_move_result(start):  20
handle_move_result(end):  0
handle_opponent_move_result(start):  0
handle_opponent_move_result(end):  0
handle_sense_result(start):  0
handle_sense_result(end):  0
choose_move(start): 0
handle_move_result(start):  1
handle_move_result(end):  0
handle_opponent_move_result(start):  0
handle_opponent_move_result(end):  0
handle_sense_result(start):  0
handle_sense_result(end):  0
choose_move(start): 0
handle_move_result(start):  1
handle_move_result(end):  0
handle_opponent_move_result(start):  0
handle_opponent_move_result(end):  0
handle_sense_result(start):  0
handle_sense_result(end):  0
choose_move(start): 0
handle_move_result(start):  1
handle_move_result(end):  0
handle_opponent_move_result(start):  0
handle_opponent_move_result(end):  0
handle_sense_result(start):  0
handle_sense_result(end):  0
choose_move(start): 0
handle_move_result(start):  1
handle_move_result(end):  1
handle_opponent_move_result(start):  1
handle_opponent_move_result(end):  20
handle_sense_result(start):  20
handle_sense_result(end):  1
choose_move(start): 1
handle_move_result(start):  1
handle_move_result(end):  1
handle_opponent_move_result(start):  1
handle_opponent_move_result(end):  27
handle_sense_result(start):  27
handle_sense_result(end):  1
choose_move(start): 1
handle_move_result(start):  1
handle_move_result(end):  1
handle_opponent_move_result(start):  1
handle_opponent_move_result(end):  30
handle_sense_result(start):  30
handle_sense_result(end):  0
choose_move(start): 0
handle_move_result(start):  1
handle_move_result(end):  0
handle_opponent_move_result(start):  0
handle_opponent_move_result(end):  0
handle_sense_result(start):  0
handle_sense_result(end):  0
choose_move(start): 0
handle_move_result(start):  1
handle_move_result(end):  1
handle_opponent_move_result(start):  1
handle_opponent_move_result(end):  17
handle_sense_result(start):  17
handle_sense_result(end):  17
choose_move(start): 17
handle_move_result(start):  17
handle_move_result(end):  17
handle_opponent_move_result(start):  17
handle_opponent_move_result(end):  186
handle_sense_result(start):  186
handle_sense_result(end):  0
choose_move(start): 0
handle_move_result(start):  1
handle_move_result(end):  1
handle_opponent_move_result(start):  1
handle_opponent_move_result(end):  21
handle_sense_result(start):  21
handle_sense_result(end):  0
choose_move(start): 0
handle_move_result(start):  1
handle_move_result(end):  0
handle_opponent_move_result(start):  0
handle_opponent_move_result(end):  0
handle_sense_result(start):  0
handle_sense_result(end):  0
choose_move(start): 0
handle_move_result(start):  1
handle_move_result(end):  0
handle_opponent_move_result(start):  0
handle_opponent_move_result(end):  0
handle_sense_result(start):  0
handle_sense_result(end):  0
choose_move(start): 0
handle_move_result(start):  1
handle_move_result(end):  1
handle_opponent_move_result(start):  1
handle_opponent_move_result(end):  40
handle_sense_result(start):  40
handle_sense_result(end):  0
choose_move(start): 0
handle_move_result(start):  1
handle_move_result(end):  0
handle_opponent_move_result(start):  0
handle_opponent_move_result(end):  0
handle_sense_result(start):  0
handle_sense_result(end):  0
choose_move(start): 0
Stockfish Engine died
handle_move_result(start):  1
handle_move_result(end):  1
handle_opponent_move_result(start):  1
handle_opponent_move_result(end):  48
handle_sense_result(start):  48
handle_sense_result(end):  0
handle_move_result(start):  0
handle_move_result(end):  0
Total game time: 161.00 seconds
Game Over!
Winner: white!
Saving replay to RandomSensing-RandomBot-white-2024_05_16-18_23_11.json...

Stderr:


Match 7: RandomSensing (White) vs RandomBot (Black)
Game Duration: 2 minutes 19 seconds
Game Status: Completed
Winner: White
Stdout:
handle_opponent_move_result(start):  1
handle_opponent_move_result(end):  20
handle_sense_result(start):  20
handle_sense_result(end):  20
choose_move(start): 20
handle_move_result(start):  20
handle_move_result(end):  0
handle_opponent_move_result(start):  0
handle_opponent_move_result(end):  0
handle_sense_result(start):  0
handle_sense_result(end):  0
choose_move(start): 0
handle_move_result(start):  1
handle_move_result(end):  0
handle_opponent_move_result(start):  0
handle_opponent_move_result(end):  0
handle_sense_result(start):  0
handle_sense_result(end):  0
choose_move(start): 0
handle_move_result(start):  1
handle_move_result(end):  1
handle_opponent_move_result(start):  1
handle_opponent_move_result(end):  20
handle_sense_result(start):  20
handle_sense_result(end):  1
choose_move(start): 1
handle_move_result(start):  1
handle_move_result(end):  1
handle_opponent_move_result(start):  1
handle_opponent_move_result(end):  21
handle_sense_result(start):  21
handle_sense_result(end):  13
choose_move(start): 13
handle_move_result(start):  13
handle_move_result(end):  8
handle_opponent_move_result(start):  8
handle_opponent_move_result(end):  140
handle_sense_result(start):  140
handle_sense_result(end):  6
choose_move(start): 6
handle_move_result(start):  6
handle_move_result(end):  5
handle_opponent_move_result(start):  5
handle_opponent_move_result(end):  114
handle_sense_result(start):  114
handle_sense_result(end):  59
choose_move(start): 59
handle_move_result(start):  59
handle_move_result(end):  54
handle_opponent_move_result(start):  54
handle_opponent_move_result(end):  1018
handle_sense_result(start):  1018
handle_sense_result(end):  959
choose_move(start): 959
handle_move_result(start):  959
handle_move_result(end):  852
handle_opponent_move_result(start):  852
handle_opponent_move_result(end):  12688
handle_sense_result(start):  10000
handle_sense_result(end):  9820
choose_move(start): 9820
handle_move_result(start):  9820
handle_move_result(end):  9084
handle_opponent_move_result(start):  9084
handle_opponent_move_result(end):  142813
handle_sense_result(start):  10000
handle_sense_result(end):  9644
handle_move_result(start):  9644
handle_move_result(end):  255
Total game time: 138.34 seconds
Game Over!
Winner: white!
Saving replay to RandomSensing-RandomBot-white-2024_05_16-18_25_30.json...

Stderr:


Match 8: RandomSensing (White) vs RandomBot (Black)
Game Duration: 1 minutes 36 seconds
Game Status: Completed
Winner: White
Stdout:
handle_opponent_move_result(start):  1
handle_opponent_move_result(end):  20
handle_sense_result(start):  20
handle_sense_result(end):  13
choose_move(start): 13
handle_move_result(start):  13
handle_move_result(end):  0
handle_opponent_move_result(start):  0
handle_opponent_move_result(end):  0
handle_sense_result(start):  0
handle_sense_result(end):  0
choose_move(start): 0
handle_move_result(start):  1
handle_move_result(end):  0
handle_opponent_move_result(start):  0
handle_opponent_move_result(end):  0
handle_sense_result(start):  0
handle_sense_result(end):  0
choose_move(start): 0
handle_move_result(start):  1
handle_move_result(end):  1
handle_opponent_move_result(start):  1
handle_opponent_move_result(end):  20
handle_sense_result(start):  20
handle_sense_result(end):  13
choose_move(start): 13
handle_move_result(start):  13
handle_move_result(end):  13
handle_opponent_move_result(start):  13
handle_opponent_move_result(end):  221
handle_sense_result(start):  221
handle_sense_result(end):  178
choose_move(start): 178
handle_move_result(start):  178
handle_move_result(end):  178
handle_opponent_move_result(start):  178
handle_opponent_move_result(end):  2687
handle_sense_result(start):  2687
handle_sense_result(end):  149
choose_move(start): 149
handle_move_result(start):  149
handle_move_result(end):  149
handle_opponent_move_result(start):  149
handle_opponent_move_result(end):  3472
handle_sense_result(start):  3472
handle_sense_result(end):  192
choose_move(start): 192
handle_move_result(start):  192
handle_move_result(end):  190
handle_opponent_move_result(start):  190
handle_opponent_move_result(end):  4142
handle_sense_result(start):  4142
handle_sense_result(end):  3977
choose_move(start): 3977
handle_move_result(start):  3977
handle_move_result(end):  2635
handle_opponent_move_result(start):  2635
handle_opponent_move_result(end):  14048
handle_sense_result(start):  10000
handle_sense_result(end):  45
handle_move_result(start):  45
handle_move_result(end):  44
Total game time: 95.45 seconds
Game Over!
Winner: white!
Saving replay to RandomSensing-RandomBot-white-2024_05_16-18_27_06.json...

Stderr:


Match 9: RandomSensing (White) vs RandomBot (Black)
Game Duration: 5 minutes 2 seconds
Game Status: Completed
Winner: Draw
